mode: set
github.com/Slimo300/TeamworkGoTests/pkg/emailvalidator/validator.go:7.13,9.2 1 1
github.com/Slimo300/TeamworkGoTests/pkg/emailvalidator/validator.go:11.38,13.2 1 1
github.com/Slimo300/TeamworkGoTests/pkg/customerimporter/domains.go:21.40,21.73 1 0
github.com/Slimo300/TeamworkGoTests/pkg/customerimporter/domains.go:26.50,28.2 1 0
github.com/Slimo300/TeamworkGoTests/pkg/customerimporter/domains.go:42.44,43.62 1 1
github.com/Slimo300/TeamworkGoTests/pkg/customerimporter/domains.go:43.62,45.3 1 1
github.com/Slimo300/TeamworkGoTests/pkg/customerimporter/domains.go:46.2,46.14 1 1
github.com/Slimo300/TeamworkGoTests/pkg/customerimporter/domains.go:51.61,54.58 2 1
github.com/Slimo300/TeamworkGoTests/pkg/customerimporter/domains.go:54.58,56.3 1 1
github.com/Slimo300/TeamworkGoTests/pkg/customerimporter/domains.go:58.2,58.20 1 1
github.com/Slimo300/TeamworkGoTests/pkg/customerimporter/domains.go:62.25,63.42 1 1
github.com/Slimo300/TeamworkGoTests/pkg/customerimporter/domains.go:63.42,65.3 1 1
github.com/Slimo300/TeamworkGoTests/pkg/customerimporter/domains.go:70.66,71.19 1 1
github.com/Slimo300/TeamworkGoTests/pkg/customerimporter/domains.go:71.19,73.3 1 1
github.com/Slimo300/TeamworkGoTests/pkg/customerimporter/domains.go:75.2,75.28 1 1
github.com/Slimo300/TeamworkGoTests/pkg/customerimporter/domains.go:76.12,77.29 1 1
github.com/Slimo300/TeamworkGoTests/pkg/customerimporter/domains.go:78.12,79.29 1 1
github.com/Slimo300/TeamworkGoTests/pkg/customerimporter/domains.go:80.10,81.50 1 1
github.com/Slimo300/TeamworkGoTests/pkg/customerimporter/domains.go:85.53,86.58 1 1
github.com/Slimo300/TeamworkGoTests/pkg/customerimporter/domains.go:86.58,88.3 1 0
github.com/Slimo300/TeamworkGoTests/pkg/customerimporter/domains.go:89.2,89.12 1 1
github.com/Slimo300/TeamworkGoTests/pkg/customerimporter/domains.go:92.53,93.58 1 1
github.com/Slimo300/TeamworkGoTests/pkg/customerimporter/domains.go:93.58,95.3 1 0
github.com/Slimo300/TeamworkGoTests/pkg/customerimporter/domains.go:96.2,96.12 1 1
github.com/Slimo300/TeamworkGoTests/pkg/customerimporter/interview.go:22.43,24.2 1 0
github.com/Slimo300/TeamworkGoTests/pkg/customerimporter/interview.go:28.38,30.2 1 0
github.com/Slimo300/TeamworkGoTests/pkg/customerimporter/interview.go:44.55,45.32 1 1
github.com/Slimo300/TeamworkGoTests/pkg/customerimporter/interview.go:45.32,47.3 1 1
github.com/Slimo300/TeamworkGoTests/pkg/customerimporter/interview.go:50.2,53.19 3 1
github.com/Slimo300/TeamworkGoTests/pkg/customerimporter/interview.go:62.82,69.16 4 1
github.com/Slimo300/TeamworkGoTests/pkg/customerimporter/interview.go:69.16,71.3 1 1
github.com/Slimo300/TeamworkGoTests/pkg/customerimporter/interview.go:73.2,75.31 2 1
github.com/Slimo300/TeamworkGoTests/pkg/customerimporter/interview.go:75.31,76.26 1 1
github.com/Slimo300/TeamworkGoTests/pkg/customerimporter/interview.go:76.26,78.4 1 1
github.com/Slimo300/TeamworkGoTests/pkg/customerimporter/interview.go:81.2,81.23 1 1
github.com/Slimo300/TeamworkGoTests/pkg/customerimporter/interview.go:81.23,83.3 1 1
github.com/Slimo300/TeamworkGoTests/pkg/customerimporter/interview.go:85.2,88.8 1 1
github.com/Slimo300/TeamworkGoTests/pkg/customerimporter/interview.go:93.54,95.16 2 1
github.com/Slimo300/TeamworkGoTests/pkg/customerimporter/interview.go:95.16,97.3 1 1
github.com/Slimo300/TeamworkGoTests/pkg/customerimporter/interview.go:99.2,101.19 2 1
github.com/Slimo300/TeamworkGoTests/pkg/customerimporter/interview.go:115.71,116.24 1 1
github.com/Slimo300/TeamworkGoTests/pkg/customerimporter/interview.go:116.24,118.3 1 1
github.com/Slimo300/TeamworkGoTests/pkg/customerimporter/interview.go:120.2,122.8 1 1
github.com/Slimo300/TeamworkGoTests/pkg/customerimporter/interview.go:128.62,131.20 2 1
github.com/Slimo300/TeamworkGoTests/pkg/customerimporter/interview.go:131.20,133.17 2 1
github.com/Slimo300/TeamworkGoTests/pkg/customerimporter/interview.go:133.17,134.21 1 1
github.com/Slimo300/TeamworkGoTests/pkg/customerimporter/interview.go:134.21,135.10 1 1
github.com/Slimo300/TeamworkGoTests/pkg/customerimporter/interview.go:137.4,137.19 1 0
github.com/Slimo300/TeamworkGoTests/pkg/customerimporter/interview.go:140.3,140.42 1 1
github.com/Slimo300/TeamworkGoTests/pkg/customerimporter/interview.go:140.42,143.12 2 1
github.com/Slimo300/TeamworkGoTests/pkg/customerimporter/interview.go:147.3,149.26 2 1
github.com/Slimo300/TeamworkGoTests/pkg/customerimporter/interview.go:152.2,155.27 3 1
